mktextfm Georgia
mktextfm Georgia
mktextfm Georgia
mktextfm Georgia
mktextfm Georgia/B
mktextfm Georgia
mktextfm Georgia/I
mktextfm Georgia
mktextfm Georgia/BI
mktextfm Georgia
mktextfm Georgia
mktextfm Georgia
mktextfm Georgia
mktextfm Georgia
mktextfm Georgia/B
mktextfm Georgia
mktextfm Georgia/I
mktextfm Georgia
mktextfm Georgia/BI
mktextfm Georgia
mktextfm Arial
mktextfm Arial
mktextfm Arial
mktextfm Arial
mktextfm Arial/B
mktextfm Arial
mktextfm Arial/I
mktextfm Arial
mktextfm Arial/BI
mktextfm Arial
mktextfm serif
mktextfm serif
mktextfm serif
mktextfm serif
mktextfm serif/B
mktextfm serif
mktextfm serif/I
mktextfm serif
mktextfm serif/BI
mktextfm serif
